#
# A fatal error has been detected by the Java Runtime Environment:
#
#  EXCEPTION_ACCESS_VIOLATION (0xc0000005) at pc=0x000007fedf20a639, pid=6316, tid=5908
#
# JRE version: Java(TM) SE Runtime Environment (7.0_40-b43) (build 1.7.0_40-b43)
# Java VM: Java HotSpot(TM) 64-Bit Server VM (24.0-b56 mixed mode windows-amd64 compressed oops)
# Problematic frame:
# C  [NiTE2.dll+0xa639]
#
# Failed to write core dump. Minidumps are not enabled by default on client versions of Windows
#
# If you would like to submit a bug report, please visit:
#   http://bugreport.sun.com/bugreport/crash.jsp
# The crash happened outside the Java Virtual Machine in native code.
# See problematic frame for where to report the bug.
#

---------------  T H R E A D  ---------------

Current thread (0x000000000a2c2800):  JavaThread "Animation Thread" [_thread_in_native, id=5908, stack(0x000000000e650000,0x000000000e750000)]

siginfo: ExceptionCode=0xc0000005, reading address 0x0000000000000010

Registers:
RAX=0x000000002be90040, RBX=0x0000000000000000, RCX=0x0000000000000000, RDX=0x0000000000000002
RSP=0x000000000e74d940, RBP=0x0000000028fac280, RSI=0x000000000a4760e0, RDI=0x0000000000000000
R8 =0x0000000000000d46, R9 =0x0000000000000078, R10=0x00000000000000a0, R11=0x000000000a3add0c
R12=0x0000000000000d46, R13=0x000000000a3b2168, R14=0x000000000a475fa0, R15=0x000000000a4760b0
RIP=0x000007fedf20a639, EFLAGS=0x0000000000010202

Top of Stack: (sp=0x000000000e74d940)
0x000000000e74d940:   0000000000000000 0000000000000000
0x000000000e74d950:   0000000000000000 0000000000000000
0x000000000e74d960:   000000000a3a4ce0 000007fedf2ea354
0x000000000e74d970:   0000000000000000 000000000a3a4ce0
0x000000000e74d980:   0000000000000000 0000000000000d46
0x000000000e74d990:   000007fedf423800 000007fedf2f1e23
0x000000000e74d9a0:   000000000a3a4ce0 000007fedf423800
0x000000000e74d9b0:   000000000a3a4ce0 000007fedf423800
0x000000000e74d9c0:   0000000000000000 0000000000000000
0x000000000e74d9d0:   000000000a3a4ce0 000007fedf3147f9
0x000000000e74d9e0:   0000000000000000 000007fedf423800
0x000000000e74d9f0:   0000000000000d46 0000000000340230
0x000000000e74da00:   000000000e74da30 000007fef35acae7
0x000000000e74da10:   fffffffffffffffe 000000000e74ddc0
0x000000000e74da20:   000000000a463cc0 000007fef35acdbe
0x000000000e74da30:   0000000002000002 000007ff00190484 

Instructions: (pc=0x000007fedf20a639)
0x000007fedf20a619:   83 80 00 00 00 00 00 00 00 48 8b c7 48 8b 5c 24
0x000007fedf20a629:   58 48 83 c4 30 5f c3 40 53 48 83 ec 20 48 8b d9
0x000007fedf20a639:   48 63 49 10 4c 63 c2 80 bc 19 40 04 00 00 00 75
0x000007fedf20a649:   2c 48 8b 0d e7 ba 1b 00 48 8d 15 c0 7f 1c 00 e8 


Register to memory mapping:

RAX=0x000000002be90040 is an unknown value
RBX=0x0000000000000000 is an unknown value
RCX=0x0000000000000000 is an unknown value
RDX=0x0000000000000002 is an unknown value
RSP=0x000000000e74d940 is pointing into the stack for thread: 0x000000000a2c2800
RBP=0x0000000028fac280 is an unknown value
RSI=0x000000000a4760e0 is an unknown value
RDI=0x0000000000000000 is an unknown value
R8 =0x0000000000000d46 is an unknown value
R9 =0x0000000000000078 is an unknown value
R10=0x00000000000000a0 is an unknown value
R11=0x000000000a3add0c is an unknown value
R12=0x0000000000000d46 is an unknown value
R13=0x000000000a3b2168 is an unknown value
R14=0x000000000a475fa0 is an unknown value
R15=0x000000000a4760b0 is an unknown value


Stack: [0x000000000e650000,0x000000000e750000],  sp=0x000000000e74d940,  free space=1014k
Native frames: (J=compiled Java code, j=interpreted, Vv=VM code, C=native code)
C  [NiTE2.dll+0xa639]

Java frames: (J=compiled Java code, j=interpreted, Vv=VM code)
j  SimpleOpenNI.SimpleOpenNIJNI.ContextWrapper_updateSwigExplicitContextWrapper(JLSimpleOpenNI/ContextWrapper;)V+0
j  SimpleOpenNI.ContextWrapper.update()V+26
j  SimpleOpenNI.SimpleOpenNI.update()V+1
j  ch.ethz.caad.MyApplet.draw()V+20
j  processing.core.PApplet.handleDraw()V+281
j  processing.core.PGraphicsJava2D.requestDraw()V+4
j  processing.core.PApplet.run()V+179
j  java.lang.Thread.run()V+11
v  ~StubRoutines::call_stub

---------------  P R O C E S S  ---------------

Java Threads: ( => current thread )
  0x0000000039714800 JavaThread "Thread-3" [_thread_blocked, id=2160, stack(0x000000003c170000,0x000000003c270000)]
=>0x000000000a2c2800 JavaThread "Animation Thread" [_thread_in_native, id=5908, stack(0x000000000e650000,0x000000000e750000)]
  0x000000000a3c1000 JavaThread "AWT-EventQueue-1" [_thread_blocked, id=5252, stack(0x000000000e870000,0x000000000e970000)]
  0x000000000034d800 JavaThread "DestroyJavaVM" [_thread_blocked, id=2648, stack(0x0000000002580000,0x0000000002680000)]
  0x000000000a2bf800 JavaThread "D3D Screen Updater" daemon [_thread_blocked, id=6516, stack(0x000000000c370000,0x000000000c470000)]
  0x000000000a33f000 JavaThread "AWT-EventQueue-0" [_thread_blocked, id=3844, stack(0x000000000c5b0000,0x000000000c6b0000)]
  0x000000000a332000 JavaThread "thread applet-ch.ethz.caad.MyApplet.class" [_thread_in_native, id=1232, stack(0x000000000c4b0000,0x000000000c5b0000)]
  0x000000000a31f800 JavaThread "AWT-Windows" daemon [_thread_in_native, id=3740, stack(0x000000000aba0000,0x000000000aca0000)]
  0x000000000a26f800 JavaThread "AWT-Shutdown" [_thread_blocked, id=2488, stack(0x0000000009d30000,0x0000000009e30000)]
  0x000000000a26c800 JavaThread "Java2D Disposer" daemon [_thread_blocked, id=6484, stack(0x000000000aa60000,0x000000000ab60000)]
  0x00000000087a6800 JavaThread "Service Thread" daemon [_thread_blocked, id=2668, stack(0x000000000a700000,0x000000000a800000)]
  0x000000000a0e0800 JavaThread "C2 CompilerThread1" daemon [_thread_blocked, id=4688, stack(0x000000000a580000,0x000000000a680000)]
  0x0000000008794000 JavaThread "C2 CompilerThread0" daemon [_thread_blocked, id=3552, stack(0x0000000009fe0000,0x000000000a0e0000)]
  0x0000000008791000 JavaThread "Attach Listener" daemon [_thread_blocked, id=6344, stack(0x0000000009e90000,0x0000000009f90000)]
  0x000000000878a000 JavaThread "Signal Dispatcher" daemon [_thread_blocked, id=7144, stack(0x0000000009ac0000,0x0000000009bc0000)]
  0x0000000008737000 JavaThread "Finalizer" daemon [_thread_blocked, id=6804, stack(0x0000000009c20000,0x0000000009d20000)]
  0x000000000872e000 JavaThread "Reference Handler" daemon [_thread_blocked, id=6800, stack(0x00000000099a0000,0x0000000009aa0000)]

Other Threads:
  0x000000000872a800 VMThread [stack: 0x00000000097a0000,0x00000000098a0000] [id=7016]
  0x000000000a0f8800 WatcherThread [stack: 0x000000000a840000,0x000000000a940000] [id=2656]

VM state:not at safepoint (normal execution)

VM Mutex/Monitor currently owned by a thread: None

Heap
 PSYoungGen      total 19456K, used 16175K [0x00000000eaa80000, 0x00000000ed080000, 0x0000000100000000)
  eden space 16896K, 80% used [0x00000000eaa80000,0x00000000eb7d3ed8,0x00000000ebb00000)
  from space 2560K, 98% used [0x00000000ebb00000,0x00000000ebd78040,0x00000000ebd80000)
  to   space 2560K, 0% used [0x00000000ece00000,0x00000000ece00000,0x00000000ed080000)
 ParOldGen       total 43520K, used 8356K [0x00000000c0000000, 0x00000000c2a80000, 0x00000000eaa80000)
  object space 43520K, 19% used [0x00000000c0000000,0x00000000c0829138,0x00000000c2a80000)
 PSPermGen       total 21504K, used 9178K [0x00000000bae00000, 0x00000000bc300000, 0x00000000c0000000)
  object space 21504K, 42% used [0x00000000bae00000,0x00000000bb6f6be8,0x00000000bc300000)

Card table byte_map: [0x0000000005680000,0x00000000058b0000] byte_map_base: 0x00000000050a9000

Polling page: 0x0000000000120000

Code Cache  [0x0000000002680000, 0x00000000028f0000, 0x0000000005680000)
 total_blobs=465 nmethods=30 adapters=389 free_code_cache=48597Kb largest_free_block=49745600

Compilation events (10 events):
Event: 0.754 Thread 0x000000000a0e0800 nmethod 23 0x0000000002709a50 code [0x0000000002709be0, 0x0000000002709ec0]
Event: 0.755 Thread 0x0000000008794000 nmethod 24 0x000000000270ab90 code [0x000000000270acc0, 0x000000000270ad18]
Event: 1.873 Thread 0x000000000a0e0800   25             SimpleOpenNI.ContextWrapper::depthMapSize (9 bytes)
Event: 1.874 Thread 0x000000000a0e0800 nmethod 25 0x0000000002707350 code [0x00000000027074a0, 0x0000000002707528]
Event: 1.874 Thread 0x000000000a0e0800   27             processing.core.PVector::<init> (5 bytes)
Event: 1.874 Thread 0x000000000a0e0800 nmethod 27 0x000000000270a950 code [0x000000000270aa80, 0x000000000270aad8]
Event: 1.875 Thread 0x0000000008794000   28 %           SimpleOpenNI.SimpleOpenNI::setupDepth @ 55 (83 bytes)
Event: 1.899 Thread 0x0000000008794000 nmethod 28% 0x0000000002709590 code [0x00000000027096e0, 0x0000000002709888]
Event: 11.511 Thread 0x000000000a0e0800   30             java.util.Arrays::fill (21 bytes)
Event: 11.514 Thread 0x000000000a0e0800 nmethod 30 0x000000000270c0d0 code [0x000000000270c200, 0x000000000270c338]

GC Heap History (2 events):
Event: 1.876 GC heap before
{Heap before GC invocations=1 (full 0):
 PSYoungGen      total 19456K, used 16895K [0x00000000eaa80000, 0x00000000ec000000, 0x0000000100000000)
  eden space 16896K, 99% used [0x00000000eaa80000,0x00000000ebafffe8,0x00000000ebb00000)
  from space 2560K, 0% used [0x00000000ebd80000,0x00000000ebd80000,0x00000000ec000000)
  to   space 2560K, 0% used [0x00000000ebb00000,0x00000000ebb00000,0x00000000ebd80000)
 ParOldGen       total 43520K, used 0K [0x00000000c0000000, 0x00000000c2a80000, 0x00000000eaa80000)
  object space 43520K, 0% used [0x00000000c0000000,0x00000000c0000000,0x00000000c2a80000)
 PSPermGen       total 21504K, used 9026K [0x00000000bae00000, 0x00000000bc300000, 0x00000000c0000000)
  object space 21504K, 41% used [0x00000000bae00000,0x00000000bb6d09f8,0x00000000bc300000)
Event: 1.895 GC heap after
Heap after GC invocations=1 (full 0):
 PSYoungGen      total 19456K, used 2528K [0x00000000eaa80000, 0x00000000ed080000, 0x0000000100000000)
  eden space 16896K, 0% used [0x00000000eaa80000,0x00000000eaa80000,0x00000000ebb00000)
  from space 2560K, 98% used [0x00000000ebb00000,0x00000000ebd78040,0x00000000ebd80000)
  to   space 2560K, 0% used [0x00000000ece00000,0x00000000ece00000,0x00000000ed080000)
 ParOldGen       total 43520K, used 8356K [0x00000000c0000000, 0x00000000c2a80000, 0x00000000eaa80000)
  object space 43520K, 19% used [0x00000000c0000000,0x00000000c0829138,0x00000000c2a80000)
 PSPermGen       total 21504K, used 9026K [0x00000000bae00000, 0x00000000bc300000, 0x00000000c0000000)
  object space 21504K, 41% used [0x00000000bae00000,0x00000000bb6d09f8,0x00000000bc300000)
}

Deoptimization events (1 events):
Event: 11.544 Thread 0x000000000a2c2800 Uncommon trap: reason=predicate action=maybe_recompile pc=0x000000000270c310 method=java.util.Arrays.fill([Ljava/lang/Object;Ljava/lang/Object;)V @ 10

Internal exceptions (10 events):
Event: 11.534 Thread 0x000000000a2c2800 Threw 0x00000000eb771450 at C:\jdk7u2_64p\jdk7u40\hotspot\src\share\vm\interpreter\linkResolver.cpp:883
Event: 11.558 Thread 0x000000000a2c2800 Threw 0x00000000eb772158 at C:\jdk7u2_64p\jdk7u40\hotspot\src\share\vm\interpreter\linkResolver.cpp:883
Event: 11.589 Thread 0x000000000a2c2800 Threw 0x00000000eb772e60 at C:\jdk7u2_64p\jdk7u40\hotspot\src\share\vm\interpreter\linkResolver.cpp:883
Event: 11.619 Thread 0x000000000a2c2800 Threw 0x00000000eb773b88 at C:\jdk7u2_64p\jdk7u40\hotspot\src\share\vm\interpreter\linkResolver.cpp:883
Event: 11.639 Thread 0x000000000a2c2800 Threw 0x00000000eb774890 at C:\jdk7u2_64p\jdk7u40\hotspot\src\share\vm\interpreter\linkResolver.cpp:883
Event: 11.668 Thread 0x000000000a2c2800 Threw 0x00000000eb775598 at C:\jdk7u2_64p\jdk7u40\hotspot\src\share\vm\interpreter\linkResolver.cpp:883
Event: 11.723 Thread 0x000000000a2c2800 Threw 0x00000000eb7762c0 at C:\jdk7u2_64p\jdk7u40\hotspot\src\share\vm\interpreter\linkResolver.cpp:883
Event: 11.761 Thread 0x000000000a2c2800 Threw 0x00000000eb776fe8 at C:\jdk7u2_64p\jdk7u40\hotspot\src\share\vm\interpreter\linkResolver.cpp:883
Event: 11.802 Thread 0x000000000a2c2800 Threw 0x00000000eb777cf0 at C:\jdk7u2_64p\jdk7u40\hotspot\src\share\vm\interpreter\linkResolver.cpp:883
Event: 11.834 Thread 0x000000000a2c2800 Threw 0x00000000eb7789f8 at C:\jdk7u2_64p\jdk7u40\hotspot\src\share\vm\interpreter\linkResolver.cpp:883

Events (10 events):
Event: 4.249 Executing VM operation: EnableBiasedLocking
Event: 4.251 Executing VM operation: EnableBiasedLocking done
Event: 11.544 Thread 0x000000000a2c2800 Uncommon trap: trap_request=0xffffff86 fr.pc=0x000000000270c310
Event: 11.544 Thread 0x000000000a2c2800 DEOPT PACKING pc=0x000000000270c310 sp=0x000000000e74e750
Event: 11.544 Thread 0x000000000a2c2800 DEOPT UNPACKING pc=0x00000000026b9064 sp=0x000000000e74e6f0 mode 2
Event: 11.859 loading class 0x00000000022d19a0
Event: 11.859 loading class 0x00000000022d19a0 done
Event: 11.860 Thread 0x0000000039714800 Thread added: 0x0000000039714800
Event: 11.860 loading class 0x000000000a1b3250
Event: 11.860 loading class 0x000000000a1b3250 done


Dynamic libraries:
0x000000013f5c0000 - 0x000000013f5f3000 	C:\Program Files\Java\jre7\bin\javaw.exe
0x0000000077760000 - 0x000000007790b000 	C:\Windows\SYSTEM32\ntdll.dll
0x0000000077640000 - 0x000000007775f000 	C:\Windows\system32\kernel32.dll
0x000007fefc9c0000 - 0x000007fefca2b000 	C:\Windows\system32\KERNELBASE.dll
0x000007fefd1b0000 - 0x000007fefd28b000 	C:\Windows\system32\ADVAPI32.dll
0x000007fefd370000 - 0x000007fefd40f000 	C:\Windows\system32\msvcrt.dll
0x000007fefcfe0000 - 0x000007fefcfff000 	C:\Windows\SYSTEM32\sechost.dll
0x000007fefd410000 - 0x000007fefd53e000 	C:\Windows\system32\RPCRT4.dll
0x0000000077540000 - 0x000000007763a000 	C:\Windows\system32\USER32.dll
0x000007fefd540000 - 0x000007fefd5a7000 	C:\Windows\system32\GDI32.dll
0x000007fefd360000 - 0x000007fefd36e000 	C:\Windows\system32\LPK.dll
0x000007fefd000000 - 0x000007fefd0ca000 	C:\Windows\system32\USP10.dll
0x000007fefb390000 - 0x000007fefb584000 	C:\Windows\WinSxS\amd64_microsoft.windows.common-controls_6595b64144ccf1df_6.0.7600.16385_none_fa645303170382f6\COMCTL32.dll
0x000007fefe410000 - 0x000007fefe481000 	C:\Windows\system32\SHLWAPI.dll
0x000007fefd290000 - 0x000007fefd2be000 	C:\Windows\system32\IMM32.DLL
0x000007fefce80000 - 0x000007fefcf89000 	C:\Windows\system32\MSCTF.dll
0x00000000699b0000 - 0x0000000069a81000 	C:\Program Files\Java\jre7\bin\msvcr100.dll
0x00000000691e0000 - 0x00000000699a9000 	C:\Program Files\Java\jre7\bin\server\jvm.dll
0x000007fef0eb0000 - 0x000007fef0eb9000 	C:\Windows\system32\WSOCK32.dll
0x000007fefcf90000 - 0x000007fefcfdd000 	C:\Windows\system32\WS2_32.dll
0x000007fefe820000 - 0x000007fefe828000 	C:\Windows\system32\NSI.dll
0x000007fef9bc0000 - 0x000007fef9bfb000 	C:\Windows\system32\WINMM.dll
0x0000000077920000 - 0x0000000077927000 	C:\Windows\system32\PSAPI.DLL
0x00000000703a0000 - 0x00000000703af000 	C:\Program Files\Java\jre7\bin\verify.dll
0x00000000691b0000 - 0x00000000691d8000 	C:\Program Files\Java\jre7\bin\java.dll
0x0000000069190000 - 0x00000000691a5000 	C:\Program Files\Java\jre7\bin\zip.dll
0x00000000652f0000 - 0x0000000065485000 	C:\Program Files\Java\jre7\bin\awt.dll
0x000007fefd0d0000 - 0x000007fefd1a7000 	C:\Windows\system32\OLEAUT32.dll
0x000007fefe610000 - 0x000007fefe811000 	C:\Windows\system32\ole32.dll
0x000007fefac40000 - 0x000007fefac58000 	C:\Windows\system32\DWMAPI.DLL
0x000007fefb070000 - 0x000007fefb0c6000 	C:\Windows\system32\uxtheme.dll
0x000007fefc800000 - 0x000007fefc80f000 	C:\Windows\system32\CRYPTBASE.dll
0x000007fee0f30000 - 0x000007fee112f000 	C:\Windows\system32\d3d9.dll
0x000007fefba20000 - 0x000007fefba2c000 	C:\Windows\system32\VERSION.dll
0x000007fefa740000 - 0x000007fefa747000 	C:\Windows\system32\d3d8thk.dll
0x000007fedf5b0000 - 0x000007fee0424000 	C:\Windows\system32\nvd3dumx.dll
0x000007fefb2b0000 - 0x000007fefb2dc000 	C:\Windows\system32\powrprof.dll
0x000007fefcca0000 - 0x000007fefce77000 	C:\Windows\system32\SETUPAPI.dll
0x000007fefc980000 - 0x000007fefc9b6000 	C:\Windows\system32\CFGMGR32.dll
0x000007fefca30000 - 0x000007fefca4a000 	C:\Windows\system32\DEVOBJ.dll
0x000007fedf450000 - 0x000007fedf5a8000 	C:\Program Files (x86)\NVIDIA Corporation\3D Vision\nvSCPAPI64.dll
0x000007fefd600000 - 0x000007fefe386000 	C:\Windows\system32\SHELL32.dll
0x0000000067010000 - 0x000000006704f000 	C:\Program Files\Java\jre7\bin\fontmanager.dll
0x0000000069170000 - 0x0000000069189000 	C:\Program Files\Java\jre7\bin\net.dll
0x000007fefc140000 - 0x000007fefc194000 	C:\Windows\system32\mswsock.dll
0x000007fefc130000 - 0x000007fefc137000 	C:\Windows\System32\wship6.dll
0x0000000069150000 - 0x0000000069161000 	C:\Program Files\Java\jre7\bin\nio.dll
0x0000000066fc0000 - 0x0000000067001000 	C:\Program Files\Java\jre7\bin\t2k.dll
0x000007fefea90000 - 0x000007fefeb29000 	C:\Windows\system32\CLBCatQ.DLL
0x000007fee0c40000 - 0x000007fee0cab000 	C:\Users\LOKO\workspace\ch.ethz.caad\bin\lib\win64\OpenNI2.dll
0x000007fedf200000 - 0x000007fedf443000 	C:\Users\LOKO\workspace\ch.ethz.caad\bin\lib\win64\NiTE2.dll
0x0000000065570000 - 0x0000000065608000 	C:\Windows\system32\MSVCP100.dll
0x000007fef22c0000 - 0x000007fef22fe000 	C:\Users\LOKO\workspace\ch.ethz.caad\bin\lib\SimpleOpenNI64.dll
0x0000000072640000 - 0x0000000072713000 	C:\Windows\WinSxS\amd64_microsoft.vc90.crt_1fc8b3b9a1e18e3b_9.0.30729.4926_none_08e1a05ba83fe554\MSVCP90.dll
0x0000000072720000 - 0x00000000727bd000 	C:\Windows\WinSxS\amd64_microsoft.vc90.crt_1fc8b3b9a1e18e3b_9.0.30729.4926_none_08e1a05ba83fe554\MSVCR90.dll
0x000007fef4e70000 - 0x000007fef4ea0000 	C:\Users\LOKO\workspace\ch.ethz.caad\bin\lib\win64\OpenNI2\Drivers\Kinect.dll
0x000007fef3f00000 - 0x000007fef3f6f000 	C:\Windows\SYSTEM32\MSCOREE.DLL
0x000007fede3a0000 - 0x000007fedf1fe000 	C:\Windows\system32\Kinect10.dll
0x000007fef8100000 - 0x000007fef8109000 	C:\Windows\system32\WINUSB.DLL
0x000007fefca90000 - 0x000007fefcbf6000 	C:\Windows\system32\CRYPT32.dll
0x000007fefc970000 - 0x000007fefc97f000 	C:\Windows\system32\MSASN1.dll
0x000007fefca50000 - 0x000007fefca89000 	C:\Windows\system32\WINTRUST.dll
0x000007fef3e70000 - 0x000007fef3f00000 	C:\Windows\Microsoft.NET\Framework64\v4.0.30319\mscoreei.dll
0x000007fef34d0000 - 0x000007fef3e35000 	C:\Windows\Microsoft.NET\Framework64\v4.0.30319\clr.dll
0x000007fef33f0000 - 0x000007fef34c1000 	C:\Windows\system32\MSVCR100_CLR0400.dll
0x000007fedd120000 - 0x000007fede397000 	C:\Windows\assembly\NativeImages_v4.0.30319_64\mscorlib\bc19222db4406c472d9aa1f8b6e0f470\mscorlib.ni.dll
0x000007feee9b0000 - 0x000007feee9c4000 	C:\Windows\Microsoft.NET\Framework64\v4.0.30319\nlssorting.dll
0x000007fedcfa0000 - 0x000007fedd117000 	C:\Windows\Microsoft.NET\Framework64\v4.0.30319\clrjit.dll
0x000007feed650000 - 0x000007feed6ab000 	C:\Users\LOKO\workspace\ch.ethz.caad\bin\lib\win64\OpenNI2\Drivers\OniFile.dll
0x000007fedcf10000 - 0x000007fedcf91000 	C:\Users\LOKO\workspace\ch.ethz.caad\bin\lib\win64\OpenNI2\Drivers\PS1080.dll
0x000007fee9160000 - 0x000007fee91a1000 	C:\Users\LOKO\workspace\ch.ethz.caad\bin\lib\win64\OpenNI2\Drivers\PSLink.dll
0x000007fefc1a0000 - 0x000007fefc1b7000 	C:\Windows\system32\CRYPTSP.dll
0x000007fefbea0000 - 0x000007fefbee7000 	C:\Windows\system32\rsaenh.dll
0x000007fefbc20000 - 0x000007fefbc3e000 	C:\Windows\system32\USERENV.dll
0x000007fefc8d0000 - 0x000007fefc8df000 	C:\Windows\system32\profapi.dll
0x000007fefbc00000 - 0x000007fefbc1b000 	C:\Windows\system32\GPAPI.dll
0x000007feecde0000 - 0x000007feece06000 	C:\Windows\system32\cryptnet.dll
0x000007fefd5b0000 - 0x000007fefd600000 	C:\Windows\system32\WLDAP32.dll
0x000007fefa450000 - 0x000007fefa46b000 	C:\Windows\system32\Cabinet.dll
0x000007fefbc40000 - 0x000007fefbc52000 	C:\Windows\system32\DEVRTL.dll
0x000007fefc320000 - 0x000007fefc36e000 	C:\Windows\system32\ncrypt.dll
0x000007fefc2f0000 - 0x000007fefc312000 	C:\Windows\system32\bcrypt.dll
0x000007fefbde0000 - 0x000007fefbe2c000 	C:\Windows\system32\bcryptprimitives.dll
0x000007fef4690000 - 0x000007fef4699000 	C:\Windows\system32\SensApi.dll
0x0000000068c50000 - 0x0000000068c7a000 	C:\Program Files\Java\jre7\bin\dcpr.dll
0x000007feecbb0000 - 0x000007feeccd5000 	C:\Windows\system32\dbghelp.dll

VM Arguments:
jvm_args: -Djava.security.policy=java.policy.applet -Dfile.encoding=Cp1252 
java_command: sun.applet.AppletViewer ch.ethz.caad.MyApplet1385080229171.html
Launcher Type: SUN_STANDARD

Environment Variables:
CLASSPATH=C:\Program Files (x86)\OpenNI\Bin\org.OpenNI.jar
PATH=C:\Program Files (x86)\NVIDIA Corporation\PhysX\Common;C:\Windows\system32;C:\Windows;C:\Windows\System32\Wbem;C:\Windows\System32\WindowsPowerShell\v1.0\;C:\Program Files (x86)\OpenNI\Bin;C:\Program Files (x86)\PrimeSense\NITE\bin;C:\Program Files\TortoiseGit\bin
USERNAME=LOKO
OS=Windows_NT
PROCESSOR_IDENTIFIER=Intel64 Family 6 Model 15 Stepping 7, GenuineIntel



---------------  S Y S T E M  ---------------

OS: Windows 7 , 64 bit Build 7600 

CPU:total 4 (4 cores per cpu, 1 threads per core) family 6 model 15 stepping 7, cmov, cx8, fxsr, mmx, sse, sse2, sse3, ssse3, tsc

Memory: 4k page, physical 4192824k(781484k free), swap 8383752k(3357776k free)

vm_info: Java HotSpot(TM) 64-Bit Server VM (24.0-b56) for windows-amd64 JRE (1.7.0_40-b43), built on Aug 26 2013 22:38:32 by "java_re" with unknown MS VC++:1600

time: Thu Nov 21 19:30:41 2013
elapsed time: 11 seconds

