#
# A fatal error has been detected by the Java Runtime Environment:
#
#  EXCEPTION_ACCESS_VIOLATION (0xc0000005) at pc=0x000007feeacf6e76, pid=3400, tid=6764
#
# JRE version: Java(TM) SE Runtime Environment (7.0_40-b43) (build 1.7.0_40-b43)
# Java VM: Java HotSpot(TM) 64-Bit Server VM (24.0-b56 mixed mode windows-amd64 compressed oops)
# Problematic frame:
# C  [NiTE2.dll+0x116e76]
#
# Failed to write core dump. Minidumps are not enabled by default on client versions of Windows
#
# If you would like to submit a bug report, please visit:
#   http://bugreport.sun.com/bugreport/crash.jsp
# The crash happened outside the Java Virtual Machine in native code.
# See problematic frame for where to report the bug.
#

---------------  T H R E A D  ---------------

Current thread (0x000000000a727000):  JavaThread "Animation Thread" [_thread_in_native, id=6764, stack(0x000000000e570000,0x000000000e670000)]

siginfo: ExceptionCode=0xc0000005, reading address 0x0000000000000288

Registers:
RAX=0x0000000000000000, RBX=0x000000000a87a350, RCX=0x000000002ba60040, RDX=0x0000000000000250
RSP=0x000000000e66e550, RBP=0x0000000000006706, RSI=0x000000000a87a350, RDI=0x000000000a87a3c8
R8 =0x0000000035bb2dd2, R9 =0x000000000a87a410, R10=0x000000000a695440, R11=0x000000000000001d
R12=0x00000004de3b2800, R13=0x0000000000000000, R14=0x000000000a87a240, R15=0x000000000a87a350
RIP=0x000007feeacf6e76, EFLAGS=0x0000000000010202

Top of Stack: (sp=0x000000000e66e550)
0x000000000e66e550:   0000000000000000 000000000a87a410
0x000000000e66e560:   000000000a695440 000000000a87a350
0x000000000e66e570:   000000000a880920 000007feeacf960c
0x000000000e66e580:   000000000a866060 0000000000006706
0x000000000e66e590:   000000000a880920 000000000a87a350
0x000000000e66e5a0:   000007feeadb26f0 000000000a8812b0
0x000000000e66e5b0:   000000000e66e6c0 000007feeabe753d
0x000000000e66e5c0:   000000000e66f038 000000000a87a1e0
0x000000000e66e5d0:   000000000e66e628 000000000e66f038
0x000000000e66e5e0:   3f7c89cbbd89038f 00000000be19360e
0x000000000e66e5f0:   000000000a82fa20 000007feeadb26e0
0x000000000e66e600:   000000000e66e600 000000000e66e600
0x000000000e66e610:   0000000008698950 0000000000000000
0x000000000e66e620:   000007feeadb26e0 000000000a833f20
0x000000000e66e630:   000000000a833f20 0000000069429327
0x000000000e66e640:   0000000000000001 fffffffffffffffe 

Instructions: (pc=0x000007feeacf6e76)
0x000007feeacf6e56:   8b 8b 48 02 00 00 48 85 c9 74 7a 48 63 91 34 b2
0x000007feeacf6e66:   f8 00 48 8b 81 18 b2 f8 00 48 69 d2 50 02 00 00
0x000007feeacf6e76:   80 7c 02 38 00 74 5e c6 83 80 02 00 00 01 48 63
0x000007feeacf6e86:   91 34 b2 f8 00 48 8b 89 18 b2 f8 00 48 69 d2 50 


Register to memory mapping:

RAX=0x0000000000000000 is an unknown value
RBX=0x000000000a87a350 is an unknown value
RCX=0x000000002ba60040 is an unknown value
RDX=0x0000000000000250 is an unknown value
RSP=0x000000000e66e550 is pointing into the stack for thread: 0x000000000a727000
RBP=0x0000000000006706 is an unknown value
RSI=0x000000000a87a350 is an unknown value
RDI=0x000000000a87a3c8 is an unknown value
R8 =0x0000000035bb2dd2 is an unknown value
R9 =0x000000000a87a410 is an unknown value
R10=0x000000000a695440 is an unknown value
R11=0x000000000000001d is an unknown value
R12=0x00000004de3b2800 is an unknown value
R13=0x0000000000000000 is an unknown value
R14=0x000000000a87a240 is an unknown value
R15=0x000000000a87a350 is an unknown value


Stack: [0x000000000e570000,0x000000000e670000],  sp=0x000000000e66e550,  free space=1017k
Native frames: (J=compiled Java code, j=interpreted, Vv=VM code, C=native code)
C  [NiTE2.dll+0x116e76]

Java frames: (J=compiled Java code, j=interpreted, Vv=VM code)
j  SimpleOpenNI.SimpleOpenNIJNI.ContextWrapper_updateSwigExplicitContextWrapper(JLSimpleOpenNI/ContextWrapper;)V+0
j  SimpleOpenNI.ContextWrapper.update()V+26
j  SimpleOpenNI.SimpleOpenNI.update()V+1
j  ch.ethz.caad.MyApplet.draw()V+20
j  processing.core.PApplet.handleDraw()V+281
j  processing.core.PGraphicsJava2D.requestDraw()V+4
j  processing.core.PApplet.run()V+179
j  java.lang.Thread.run()V+11
v  ~StubRoutines::call_stub

---------------  P R O C E S S  ---------------

Java Threads: ( => current thread )
  0x000000003a308800 JavaThread "Thread-3" [_thread_blocked, id=2072, stack(0x000000003bda0000,0x000000003bea0000)]
=>0x000000000a727000 JavaThread "Animation Thread" [_thread_in_native, id=6764, stack(0x000000000e570000,0x000000000e670000)]
  0x000000000a80f000 JavaThread "AWT-EventQueue-1" [_thread_blocked, id=6812, stack(0x000000000e680000,0x000000000e780000)]
  0x00000000021fd800 JavaThread "DestroyJavaVM" [_thread_blocked, id=6536, stack(0x0000000002460000,0x0000000002560000)]
  0x000000000a724800 JavaThread "D3D Screen Updater" daemon [_thread_blocked, id=7040, stack(0x000000000dab0000,0x000000000dbb0000)]
  0x000000000a6fb000 JavaThread "AWT-EventQueue-0" [_thread_blocked, id=6212, stack(0x000000000aeb0000,0x000000000afb0000)]
  0x000000000a6a9000 JavaThread "thread applet-ch.ethz.caad.MyApplet.class" [_thread_in_native, id=4468, stack(0x000000000ad20000,0x000000000ae20000)]
  0x000000000a6a8000 JavaThread "AWT-Windows" daemon [_thread_in_native, id=5892, stack(0x000000000aba0000,0x000000000aca0000)]
  0x000000000a64b800 JavaThread "AWT-Shutdown" [_thread_blocked, id=1288, stack(0x0000000009e50000,0x0000000009f50000)]
  0x000000000a64a800 JavaThread "Java2D Disposer" daemon [_thread_blocked, id=6440, stack(0x000000000aa70000,0x000000000ab70000)]
  0x000000000870d800 JavaThread "Service Thread" daemon [_thread_blocked, id=7096, stack(0x000000000a300000,0x000000000a400000)]
  0x000000000870d000 JavaThread "C2 CompilerThread1" daemon [_thread_blocked, id=4704, stack(0x000000000a0e0000,0x000000000a1e0000)]
  0x00000000086ff800 JavaThread "C2 CompilerThread0" daemon [_thread_blocked, id=5392, stack(0x0000000009f50000,0x000000000a050000)]
  0x00000000086fe000 JavaThread "Attach Listener" daemon [_thread_blocked, id=4024, stack(0x0000000009d50000,0x0000000009e50000)]
  0x00000000086f7000 JavaThread "Signal Dispatcher" daemon [_thread_blocked, id=6028, stack(0x0000000009b40000,0x0000000009c40000)]
  0x00000000086a1800 JavaThread "Finalizer" daemon [_thread_blocked, id=5644, stack(0x0000000009a00000,0x0000000009b00000)]
  0x000000000869a800 JavaThread "Reference Handler" daemon [_thread_blocked, id=4732, stack(0x00000000096c0000,0x00000000097c0000)]

Other Threads:
  0x0000000008697000 VMThread [stack: 0x00000000097d0000,0x00000000098d0000] [id=6660]
  0x0000000008717800 WatcherThread [stack: 0x000000000a420000,0x000000000a520000] [id=4168]

VM state:not at safepoint (normal execution)

VM Mutex/Monitor currently owned by a thread: None

Heap
 PSYoungGen      total 19456K, used 4077K [0x00000000eaa80000, 0x00000000ed080000, 0x0000000100000000)
  eden space 16896K, 9% used [0x00000000eaa80000,0x00000000eac034c0,0x00000000ebb00000)
  from space 2560K, 98% used [0x00000000ece00000,0x00000000ed078020,0x00000000ed080000)
  to   space 2560K, 0% used [0x00000000ebb00000,0x00000000ebb00000,0x00000000ebd80000)
 ParOldGen       total 43520K, used 21028K [0x00000000c0000000, 0x00000000c2a80000, 0x00000000eaa80000)
  object space 43520K, 48% used [0x00000000c0000000,0x00000000c1489188,0x00000000c2a80000)
 PSPermGen       total 21504K, used 9216K [0x00000000bae00000, 0x00000000bc300000, 0x00000000c0000000)
  object space 21504K, 42% used [0x00000000bae00000,0x00000000bb700190,0x00000000bc300000)

Card table byte_map: [0x0000000005560000,0x0000000005790000] byte_map_base: 0x0000000004f89000

Polling page: 0x0000000000320000

Code Cache  [0x0000000002560000, 0x00000000027d0000, 0x0000000005560000)
 total_blobs=498 nmethods=62 adapters=389 free_code_cache=48516Kb largest_free_block=49663936

Compilation events (10 events):
Event: 60.875 Thread 0x00000000086ff800   58             sun.java2d.SurfaceData::markDirty (8 bytes)
Event: 60.875 Thread 0x00000000086ff800 nmethod 58 0x0000000002601050 code [0x0000000002601180, 0x00000000026011d8]
Event: 62.116 Thread 0x000000000870d000   59             java.util.concurrent.locks.AbstractQueuedSynchronizer::setState (6 bytes)
Event: 62.116 Thread 0x000000000870d000 nmethod 59 0x0000000002601250 code [0x0000000002601380, 0x00000000026013d8]
Event: 63.679 Thread 0x00000000086ff800   60             java.util.concurrent.locks.AbstractOwnableSynchronizer::setExclusiveOwnerThread (6 bytes)
Event: 63.680 Thread 0x00000000086ff800 nmethod 60 0x0000000002601450 code [0x0000000002601580, 0x00000000026015d8]
Event: 67.634 Thread 0x000000000870d000   61             java.util.concurrent.locks.ReentrantLock$Sync::nonfairTryAcquire (67 bytes)
Event: 67.635 Thread 0x000000000870d000 nmethod 61 0x0000000002601650 code [0x0000000002601780, 0x0000000002601838]
Event: 68.945 Thread 0x00000000086ff800   62             java.util.concurrent.locks.AbstractQueuedSynchronizer::compareAndSetState (13 bytes)
Event: 68.945 Thread 0x00000000086ff800 nmethod 62 0x00000000025f1750 code [0x00000000025f1880, 0x00000000025f18d8]

GC Heap History (4 events):
Event: 2.340 GC heap before
{Heap before GC invocations=1 (full 0):
 PSYoungGen      total 19456K, used 16895K [0x00000000eaa80000, 0x00000000ec000000, 0x0000000100000000)
  eden space 16896K, 99% used [0x00000000eaa80000,0x00000000ebaffff0,0x00000000ebb00000)
  from space 2560K, 0% used [0x00000000ebd80000,0x00000000ebd80000,0x00000000ec000000)
  to   space 2560K, 0% used [0x00000000ebb00000,0x00000000ebb00000,0x00000000ebd80000)
 ParOldGen       total 43520K, used 0K [0x00000000c0000000, 0x00000000c2a80000, 0x00000000eaa80000)
  object space 43520K, 0% used [0x00000000c0000000,0x00000000c0000000,0x00000000c2a80000)
 PSPermGen       total 21504K, used 9013K [0x00000000bae00000, 0x00000000bc300000, 0x00000000c0000000)
  object space 21504K, 41% used [0x00000000bae00000,0x00000000bb6cd450,0x00000000bc300000)
Event: 2.377 GC heap after
Heap after GC invocations=1 (full 0):
 PSYoungGen      total 19456K, used 2528K [0x00000000eaa80000, 0x00000000ed080000, 0x0000000100000000)
  eden space 16896K, 0% used [0x00000000eaa80000,0x00000000eaa80000,0x00000000ebb00000)
  from space 2560K, 98% used [0x00000000ebb00000,0x00000000ebd78020,0x00000000ebd80000)
  to   space 2560K, 0% used [0x00000000ece00000,0x00000000ece00000,0x00000000ed080000)
 ParOldGen       total 43520K, used 9572K [0x00000000c0000000, 0x00000000c2a80000, 0x00000000eaa80000)
  object space 43520K, 21% used [0x00000000c0000000,0x00000000c0959168,0x00000000c2a80000)
 PSPermGen       total 21504K, used 9013K [0x00000000bae00000, 0x00000000bc300000, 0x00000000c0000000)
  object space 21504K, 41% used [0x00000000bae00000,0x00000000bb6cd450,0x00000000bc300000)
}
Event: 62.161 GC heap before
{Heap before GC invocations=2 (full 0):
 PSYoungGen      total 19456K, used 19424K [0x00000000eaa80000, 0x00000000ed080000, 0x0000000100000000)
  eden space 16896K, 100% used [0x00000000eaa80000,0x00000000ebb00000,0x00000000ebb00000)
  from space 2560K, 98% used [0x00000000ebb00000,0x00000000ebd78020,0x00000000ebd80000)
  to   space 2560K, 0% used [0x00000000ece00000,0x00000000ece00000,0x00000000ed080000)
 ParOldGen       total 43520K, used 9572K [0x00000000c0000000, 0x00000000c2a80000, 0x00000000eaa80000)
  object space 43520K, 21% used [0x00000000c0000000,0x00000000c0959168,0x00000000c2a80000)
 PSPermGen       total 21504K, used 9191K [0x00000000bae00000, 0x00000000bc300000, 0x00000000c0000000)
  object space 21504K, 42% used [0x00000000bae00000,0x00000000bb6f9fe0,0x00000000bc300000)
Event: 62.217 GC heap after
Heap after GC invocations=2 (full 0):
 PSYoungGen      total 19456K, used 2528K [0x00000000eaa80000, 0x00000000ed080000, 0x0000000100000000)
  eden space 16896K, 0% used [0x00000000eaa80000,0x00000000eaa80000,0x00000000ebb00000)
  from space 2560K, 98% used [0x00000000ece00000,0x00000000ed078020,0x00000000ed080000)
  to   space 2560K, 0% used [0x00000000ebb00000,0x00000000ebb00000,0x00000000ebd80000)
 ParOldGen       total 43520K, used 21028K [0x00000000c0000000, 0x00000000c2a80000, 0x00000000eaa80000)
  object space 43520K, 48% used [0x00000000c0000000,0x00000000c1489188,0x00000000c2a80000)
 PSPermGen       total 21504K, used 9191K [0x00000000bae00000, 0x00000000bc300000, 0x00000000c0000000)
  object space 21504K, 42% used [0x00000000bae00000,0x00000000bb6f9fe0,0x00000000bc300000)
}

Deoptimization events (5 events):
Event: 15.614 Thread 0x000000000a724800 Uncommon trap: reason=predicate action=maybe_recompile pc=0x00000000025e9d90 method=java.util.Arrays.fill([Ljava/lang/Object;Ljava/lang/Object;)V @ 10
Event: 19.174 Thread 0x000000000a727000 Uncommon trap: reason=array_check action=maybe_recompile pc=0x00000000025e9474 method=java.util.Arrays.fill([Ljava/lang/Object;Ljava/lang/Object;)V @ 13
Event: 19.177 Thread 0x000000000a724800 Uncommon trap: reason=array_check action=maybe_recompile pc=0x00000000025e9474 method=java.util.Arrays.fill([Ljava/lang/Object;Ljava/lang/Object;)V @ 13
Event: 19.195 Thread 0x000000000a724800 Uncommon trap: reason=array_check action=maybe_recompile pc=0x00000000025e9474 method=java.util.Arrays.fill([Ljava/lang/Object;Ljava/lang/Object;)V @ 13
Event: 19.200 Thread 0x000000000a727000 Uncommon trap: reason=array_check action=maybe_recompile pc=0x00000000025e9474 method=java.util.Arrays.fill([Ljava/lang/Object;Ljava/lang/Object;)V @ 13

Internal exceptions (10 events):
Event: 68.818 Thread 0x000000000a727000 Threw 0x00000000eab4de78 at C:\jdk7u2_64p\jdk7u40\hotspot\src\share\vm\interpreter\linkResolver.cpp:883
Event: 68.847 Thread 0x000000000a727000 Threw 0x00000000eab4e9e0 at C:\jdk7u2_64p\jdk7u40\hotspot\src\share\vm\interpreter\linkResolver.cpp:883
Event: 68.908 Thread 0x000000000a727000 Threw 0x00000000eab4f548 at C:\jdk7u2_64p\jdk7u40\hotspot\src\share\vm\interpreter\linkResolver.cpp:883
Event: 68.935 Thread 0x000000000a727000 Threw 0x00000000eab500b0 at C:\jdk7u2_64p\jdk7u40\hotspot\src\share\vm\interpreter\linkResolver.cpp:883
Event: 68.973 Thread 0x000000000a727000 Threw 0x00000000eab50bf8 at C:\jdk7u2_64p\jdk7u40\hotspot\src\share\vm\interpreter\linkResolver.cpp:883
Event: 69.004 Thread 0x000000000a727000 Threw 0x00000000eab51760 at C:\jdk7u2_64p\jdk7u40\hotspot\src\share\vm\interpreter\linkResolver.cpp:883
Event: 69.037 Thread 0x000000000a727000 Threw 0x00000000eab522a8 at C:\jdk7u2_64p\jdk7u40\hotspot\src\share\vm\interpreter\linkResolver.cpp:883
Event: 69.095 Thread 0x000000000a727000 Threw 0x00000000eab52e10 at C:\jdk7u2_64p\jdk7u40\hotspot\src\share\vm\interpreter\linkResolver.cpp:883
Event: 69.139 Thread 0x000000000a727000 Threw 0x00000000eab53978 at C:\jdk7u2_64p\jdk7u40\hotspot\src\share\vm\interpreter\linkResolver.cpp:883
Event: 69.180 Thread 0x000000000a727000 Threw 0x00000000eab544e0 at C:\jdk7u2_64p\jdk7u40\hotspot\src\share\vm\interpreter\linkResolver.cpp:883

Events (10 events):
Event: 62.225 Executing VM operation: BulkRevokeBias done
Event: 68.169 loading class 0x000000000a53c7f0
Event: 68.186 loading class 0x000000000a53c7f0 done
Event: 68.186 loading class 0x000000000a53e130
Event: 68.193 loading class 0x000000000a53e130 done
Event: 69.173 loading class 0x000000000218d9a0
Event: 69.189 loading class 0x000000000218d9a0 done
Event: 69.189 Thread 0x000000003a308800 Thread added: 0x000000003a308800
Event: 69.190 loading class 0x000000000a5bb5d0
Event: 69.192 loading class 0x000000000a5bb5d0 done


Dynamic libraries:
0x000000013fd10000 - 0x000000013fd43000 	C:\Program Files\Java\jre7\bin\javaw.exe
0x0000000077760000 - 0x000000007790b000 	C:\Windows\SYSTEM32\ntdll.dll
0x0000000077640000 - 0x000000007775f000 	C:\Windows\system32\kernel32.dll
0x000007fefc9c0000 - 0x000007fefca2b000 	C:\Windows\system32\KERNELBASE.dll
0x000007fefd1b0000 - 0x000007fefd28b000 	C:\Windows\system32\ADVAPI32.dll
0x000007fefd370000 - 0x000007fefd40f000 	C:\Windows\system32\msvcrt.dll
0x000007fefcfe0000 - 0x000007fefcfff000 	C:\Windows\SYSTEM32\sechost.dll
0x000007fefd410000 - 0x000007fefd53e000 	C:\Windows\system32\RPCRT4.dll
0x0000000077540000 - 0x000000007763a000 	C:\Windows\system32\USER32.dll
0x000007fefd540000 - 0x000007fefd5a7000 	C:\Windows\system32\GDI32.dll
0x000007fefd360000 - 0x000007fefd36e000 	C:\Windows\system32\LPK.dll
0x000007fefd000000 - 0x000007fefd0ca000 	C:\Windows\system32\USP10.dll
0x000007fefb390000 - 0x000007fefb584000 	C:\Windows\WinSxS\amd64_microsoft.windows.common-controls_6595b64144ccf1df_6.0.7600.16385_none_fa645303170382f6\COMCTL32.dll
0x000007fefe410000 - 0x000007fefe481000 	C:\Windows\system32\SHLWAPI.dll
0x000007fefd290000 - 0x000007fefd2be000 	C:\Windows\system32\IMM32.DLL
0x000007fefce80000 - 0x000007fefcf89000 	C:\Windows\system32\MSCTF.dll
0x00000000699b0000 - 0x0000000069a81000 	C:\Program Files\Java\jre7\bin\msvcr100.dll
0x00000000691e0000 - 0x00000000699a9000 	C:\Program Files\Java\jre7\bin\server\jvm.dll
0x000007fef0eb0000 - 0x000007fef0eb9000 	C:\Windows\system32\WSOCK32.dll
0x000007fefcf90000 - 0x000007fefcfdd000 	C:\Windows\system32\WS2_32.dll
0x000007fefe820000 - 0x000007fefe828000 	C:\Windows\system32\NSI.dll
0x000007fef9bc0000 - 0x000007fef9bfb000 	C:\Windows\system32\WINMM.dll
0x0000000077920000 - 0x0000000077927000 	C:\Windows\system32\PSAPI.DLL
0x00000000703a0000 - 0x00000000703af000 	C:\Program Files\Java\jre7\bin\verify.dll
0x00000000691b0000 - 0x00000000691d8000 	C:\Program Files\Java\jre7\bin\java.dll
0x0000000069190000 - 0x00000000691a5000 	C:\Program Files\Java\jre7\bin\zip.dll
0x000000006c6c0000 - 0x000000006c855000 	C:\Program Files\Java\jre7\bin\awt.dll
0x000007fefd0d0000 - 0x000007fefd1a7000 	C:\Windows\system32\OLEAUT32.dll
0x000007fefe610000 - 0x000007fefe811000 	C:\Windows\system32\ole32.dll
0x000007fefac40000 - 0x000007fefac58000 	C:\Windows\system32\DWMAPI.DLL
0x000007fefb070000 - 0x000007fefb0c6000 	C:\Windows\system32\uxtheme.dll
0x000007fefc800000 - 0x000007fefc80f000 	C:\Windows\system32\CRYPTBASE.dll
0x000007feed720000 - 0x000007feed91f000 	C:\Windows\system32\d3d9.dll
0x000007fefba20000 - 0x000007fefba2c000 	C:\Windows\system32\VERSION.dll
0x000007fefa740000 - 0x000007fefa747000 	C:\Windows\system32\d3d8thk.dll
0x000007fee80c0000 - 0x000007fee8f34000 	C:\Windows\system32\nvd3dumx.dll
0x000007fefb2b0000 - 0x000007fefb2dc000 	C:\Windows\system32\powrprof.dll
0x000007fefcca0000 - 0x000007fefce77000 	C:\Windows\system32\SETUPAPI.dll
0x000007fefc980000 - 0x000007fefc9b6000 	C:\Windows\system32\CFGMGR32.dll
0x000007fefca30000 - 0x000007fefca4a000 	C:\Windows\system32\DEVOBJ.dll
0x000007feee5c0000 - 0x000007feee718000 	C:\Program Files (x86)\NVIDIA Corporation\3D Vision\nvSCPAPI64.dll
0x000007fefd600000 - 0x000007fefe386000 	C:\Windows\system32\SHELL32.dll
0x000000006c9c0000 - 0x000000006c9ff000 	C:\Program Files\Java\jre7\bin\fontmanager.dll
0x0000000069170000 - 0x0000000069189000 	C:\Program Files\Java\jre7\bin\net.dll
0x000007fefc140000 - 0x000007fefc194000 	C:\Windows\system32\mswsock.dll
0x000007fefc130000 - 0x000007fefc137000 	C:\Windows\System32\wship6.dll
0x0000000069150000 - 0x0000000069161000 	C:\Program Files\Java\jre7\bin\nio.dll
0x000000006c970000 - 0x000000006c9b1000 	C:\Program Files\Java\jre7\bin\t2k.dll
0x000007fefea90000 - 0x000007fefeb29000 	C:\Windows\system32\CLBCatQ.DLL
0x000007feee550000 - 0x000007feee5bb000 	C:\Users\LOKO\workspace\ch.ethz.caad\bin\lib\win64\OpenNI2.dll
0x000007feeabe0000 - 0x000007feeae23000 	C:\Users\LOKO\workspace\ch.ethz.caad\bin\lib\win64\NiTE2.dll
0x000000006c8d0000 - 0x000000006c968000 	C:\Windows\system32\MSVCP100.dll
0x000007fef2280000 - 0x000007fef22be000 	C:\Users\LOKO\workspace\ch.ethz.caad\bin\lib\SimpleOpenNI64.dll
0x0000000072640000 - 0x0000000072713000 	C:\Windows\WinSxS\amd64_microsoft.vc90.crt_1fc8b3b9a1e18e3b_9.0.30729.4926_none_08e1a05ba83fe554\MSVCP90.dll
0x0000000072720000 - 0x00000000727bd000 	C:\Windows\WinSxS\amd64_microsoft.vc90.crt_1fc8b3b9a1e18e3b_9.0.30729.4926_none_08e1a05ba83fe554\MSVCR90.dll
0x000007fef4e70000 - 0x000007fef4ea0000 	C:\Users\LOKO\workspace\ch.ethz.caad\bin\lib\win64\OpenNI2\Drivers\Kinect.dll
0x000007fef3f00000 - 0x000007fef3f6f000 	C:\Windows\SYSTEM32\MSCOREE.DLL
0x000007fee9d80000 - 0x000007feeabde000 	C:\Windows\system32\Kinect10.dll
0x000007fef8100000 - 0x000007fef8109000 	C:\Windows\system32\WINUSB.DLL
0x000007fefca90000 - 0x000007fefcbf6000 	C:\Windows\system32\CRYPT32.dll
0x000007fefc970000 - 0x000007fefc97f000 	C:\Windows\system32\MSASN1.dll
0x000007fefca50000 - 0x000007fefca89000 	C:\Windows\system32\WINTRUST.dll
0x000007fef3e70000 - 0x000007fef3f00000 	C:\Windows\Microsoft.NET\Framework64\v4.0.30319\mscoreei.dll
0x000007fef34d0000 - 0x000007fef3e35000 	C:\Windows\Microsoft.NET\Framework64\v4.0.30319\clr.dll
0x000007fef33f0000 - 0x000007fef34c1000 	C:\Windows\system32\MSVCR100_CLR0400.dll
0x000007fee6e40000 - 0x000007fee80b7000 	C:\Windows\assembly\NativeImages_v4.0.30319_64\mscorlib\bc19222db4406c472d9aa1f8b6e0f470\mscorlib.ni.dll
0x000007fef2260000 - 0x000007fef2274000 	C:\Windows\Microsoft.NET\Framework64\v4.0.30319\nlssorting.dll
0x000007feee140000 - 0x000007feee2b7000 	C:\Windows\Microsoft.NET\Framework64\v4.0.30319\clrjit.dll
0x000007feedf50000 - 0x000007feedfab000 	C:\Users\LOKO\workspace\ch.ethz.caad\bin\lib\win64\OpenNI2\Drivers\OniFile.dll
0x000007feedec0000 - 0x000007feedf41000 	C:\Users\LOKO\workspace\ch.ethz.caad\bin\lib\win64\OpenNI2\Drivers\PS1080.dll
0x000007feede70000 - 0x000007feedeb1000 	C:\Users\LOKO\workspace\ch.ethz.caad\bin\lib\win64\OpenNI2\Drivers\PSLink.dll
0x000007fefc1a0000 - 0x000007fefc1b7000 	C:\Windows\system32\CRYPTSP.dll
0x000007fefbea0000 - 0x000007fefbee7000 	C:\Windows\system32\rsaenh.dll
0x000007fefbc20000 - 0x000007fefbc3e000 	C:\Windows\system32\USERENV.dll
0x000007fefc8d0000 - 0x000007fefc8df000 	C:\Windows\system32\profapi.dll
0x000007fefbc00000 - 0x000007fefbc1b000 	C:\Windows\system32\GPAPI.dll
0x000007feecde0000 - 0x000007feece06000 	C:\Windows\system32\cryptnet.dll
0x000007fefd5b0000 - 0x000007fefd600000 	C:\Windows\system32\WLDAP32.dll
0x000007fefa450000 - 0x000007fefa46b000 	C:\Windows\system32\Cabinet.dll
0x000007fefbc40000 - 0x000007fefbc52000 	C:\Windows\system32\DEVRTL.dll
0x000007fefc320000 - 0x000007fefc36e000 	C:\Windows\system32\ncrypt.dll
0x000007fefc2f0000 - 0x000007fefc312000 	C:\Windows\system32\bcrypt.dll
0x000007fefbde0000 - 0x000007fefbe2c000 	C:\Windows\system32\bcryptprimitives.dll
0x000007fef4690000 - 0x000007fef4699000 	C:\Windows\system32\SensApi.dll
0x0000000070e30000 - 0x0000000070e5a000 	C:\Program Files\Java\jre7\bin\dcpr.dll
0x000007feecbb0000 - 0x000007feeccd5000 	C:\Windows\system32\dbghelp.dll

VM Arguments:
jvm_args: -Djava.security.policy=java.policy.applet -Dfile.encoding=Cp1252 
java_command: sun.applet.AppletViewer ch.ethz.caad.MyApplet1385082374136.html
Launcher Type: SUN_STANDARD

Environment Variables:
CLASSPATH=C:\Program Files (x86)\OpenNI\Bin\org.OpenNI.jar
PATH=C:\Program Files (x86)\NVIDIA Corporation\PhysX\Common;C:\Windows\system32;C:\Windows;C:\Windows\System32\Wbem;C:\Windows\System32\WindowsPowerShell\v1.0\;C:\Program Files (x86)\OpenNI\Bin;C:\Program Files (x86)\PrimeSense\NITE\bin;C:\Program Files\TortoiseGit\bin
USERNAME=LOKO
OS=Windows_NT
PROCESSOR_IDENTIFIER=Intel64 Family 6 Model 15 Stepping 7, GenuineIntel



---------------  S Y S T E M  ---------------

OS: Windows 7 , 64 bit Build 7600 

CPU:total 4 (4 cores per cpu, 1 threads per core) family 6 model 15 stepping 7, cmov, cx8, fxsr, mmx, sse, sse2, sse3, ssse3, tsc

Memory: 4k page, physical 4192824k(677540k free), swap 8383752k(2396104k free)

vm_info: Java HotSpot(TM) 64-Bit Server VM (24.0-b56) for windows-amd64 JRE (1.7.0_40-b43), built on Aug 26 2013 22:38:32 by "java_re" with unknown MS VC++:1600

time: Thu Nov 21 20:07:24 2013
elapsed time: 69 seconds

