#
# A fatal error has been detected by the Java Runtime Environment:
#
#  EXCEPTION_ACCESS_VIOLATION (0xc0000005) at pc=0x000007fedf00ae00, pid=5740, tid=3384
#
# JRE version: Java(TM) SE Runtime Environment (7.0_40-b43) (build 1.7.0_40-b43)
# Java VM: Java HotSpot(TM) 64-Bit Server VM (24.0-b56 mixed mode windows-amd64 compressed oops)
# Problematic frame:
# C  [NiTE2.dll+0xaae00]
#
# Failed to write core dump. Minidumps are not enabled by default on client versions of Windows
#
# If you would like to submit a bug report, please visit:
#   http://bugreport.sun.com/bugreport/crash.jsp
# The crash happened outside the Java Virtual Machine in native code.
# See problematic frame for where to report the bug.
#

---------------  T H R E A D  ---------------

Current thread (0x000000000a2fa800):  JavaThread "Animation Thread" [_thread_in_native, id=3384, stack(0x000000000e420000,0x000000000e520000)]

siginfo: ExceptionCode=0xc0000005, reading address 0x0000000000000458

Registers:
RAX=0x0000000028ffc580, RBX=0x000000002bdb0040, RCX=0x000000002cd1aef0, RDX=0x0000000000000448
RSP=0x000000000e51e450, RBP=0x000000000e51e529, RSI=0x000000000000000b, RDI=0x000000002ce27f40
R8 =0x0000000000000002, R9 =0x000000000a4e52f8, R10=0x000007fedf12a1b8, R11=0x0000000029653f48
R12=0x0000000000000000, R13=0x07ffffffffffffff, R14=0x07fffffffffffffe, R15=0x000007fedf1283b8
RIP=0x000007fedf00ae00, EFLAGS=0x0000000000010206

Top of Stack: (sp=0x000000000e51e450)
0x000000000e51e450:   000000002ce27f40 000000002bdb0040
0x000000000e51e460:   000000002ce28e50 000007fef35acdbe
0x000000000e51e470:   00000000296549a0 000007ff001614d4
0x000000000e51e480:   fffffffffffffffe 000007ff001614d4
0x000000000e51e490:   0000000000000000 0000000000000000
0x000000000e51e4a0:   0000000000000000 0000000000000000
0x000000000e51e4b0:   0000ffff0000ff00 0000ffff0000ffff
0x000000000e51e4c0:   0000000000000000 000000000a556fd0
0x000000000e51e4d0:   0000000000000007 000007fee0c6b677
0x000000000e51e4e0:   0000000000000000 0000000000000000
0x000000000e51e4f0:   0000000000000000 000000000e51e540
0x000000000e51e500:   0000000000000000 00000000296549a0
0x000000000e51e510:   0000000029654520 0000000028ffc780
0x000000000e51e520:   0000000028ffc680 0000000028ffc580
0x000000000e51e530:   0000000000000002 000007fedf009345
0x000000000e51e540:   fffffffffffffffe 0000001e00000001 

Instructions: (pc=0x000007fedf00ae00)
0x000007fedf00ade0:   ff 48 63 93 b8 b6 f8 00 48 69 d2 48 04 00 00 48
0x000007fedf00adf0:   03 93 a8 b6 f8 00 48 8d 8b b0 ae f6 00 4c 8b 11
0x000007fedf00ae00:   48 63 42 10 48 69 c0 98 00 00 00 48 8d 54 10 18
0x000007fedf00ae10:   48 8d 45 b7 48 89 44 24 30 48 8d 44 24 40 48 89 


Register to memory mapping:

RAX=0x0000000028ffc580 is an unknown value
RBX=0x000000002bdb0040 is an unknown value
RCX=0x000000002cd1aef0 is an unknown value
RDX=0x0000000000000448 is an unknown value
RSP=0x000000000e51e450 is pointing into the stack for thread: 0x000000000a2fa800
RBP=0x000000000e51e529 is pointing into the stack for thread: 0x000000000a2fa800
RSI=0x000000000000000b is an unknown value
RDI=0x000000002ce27f40 is an unknown value
R8 =0x0000000000000002 is an unknown value
R9 =0x000000000a4e52f8 is an unknown value
R10=0x000007fedf12a1b8 is an unknown value
R11=0x0000000029653f48 is an unknown value
R12=0x0000000000000000 is an unknown value
R13=0x07ffffffffffffff is an unknown value
R14=0x07fffffffffffffe is an unknown value
R15=0x000007fedf1283b8 is an unknown value


Stack: [0x000000000e420000,0x000000000e520000],  sp=0x000000000e51e450,  free space=1017k
Native frames: (J=compiled Java code, j=interpreted, Vv=VM code, C=native code)
C  [NiTE2.dll+0xaae00]

Java frames: (J=compiled Java code, j=interpreted, Vv=VM code)
j  SimpleOpenNI.SimpleOpenNIJNI.ContextWrapper_updateSwigExplicitContextWrapper(JLSimpleOpenNI/ContextWrapper;)V+0
j  SimpleOpenNI.ContextWrapper.update()V+26
j  SimpleOpenNI.SimpleOpenNI.update()V+1
j  ch.ethz.caad.MyApplet.draw()V+20
j  processing.core.PApplet.handleDraw()V+281
j  processing.core.PGraphicsJava2D.requestDraw()V+4
j  processing.core.PApplet.run()V+179
j  java.lang.Thread.run()V+11
v  ~StubRoutines::call_stub

---------------  P R O C E S S  ---------------

Java Threads: ( => current thread )
  0x0000000039629000 JavaThread "Thread-3" [_thread_blocked, id=2116, stack(0x0000000039e10000,0x0000000039f10000)]
=>0x000000000a2fa800 JavaThread "Animation Thread" [_thread_in_native, id=3384, stack(0x000000000e420000,0x000000000e520000)]
  0x000000000a443800 JavaThread "AWT-EventQueue-1" [_thread_blocked, id=2288, stack(0x000000000e660000,0x000000000e760000)]
  0x00000000022ad800 JavaThread "DestroyJavaVM" [_thread_blocked, id=6536, stack(0x00000000025f0000,0x00000000026f0000)]
  0x000000000a2f8000 JavaThread "D3D Screen Updater" daemon [_thread_blocked, id=2408, stack(0x000000000d8f0000,0x000000000d9f0000)]
  0x000000000a2ca800 JavaThread "AWT-EventQueue-0" [_thread_blocked, id=5356, stack(0x000000000bfd0000,0x000000000c0d0000)]
  0x000000000a37c000 JavaThread "thread applet-ch.ethz.caad.MyApplet.class" [_thread_in_native, id=5364, stack(0x000000000c140000,0x000000000c240000)]
  0x000000000a2a7000 JavaThread "AWT-Windows" daemon [_thread_in_native, id=7120, stack(0x000000000aa50000,0x000000000ab50000)]
  0x000000000a2a6800 JavaThread "AWT-Shutdown" [_thread_blocked, id=6944, stack(0x000000000a840000,0x000000000a940000)]
  0x000000000a2a5800 JavaThread "Java2D Disposer" daemon [_thread_blocked, id=2200, stack(0x000000000a610000,0x000000000a710000)]
  0x000000000851a800 JavaThread "Service Thread" daemon [_thread_blocked, id=5692, stack(0x0000000009750000,0x0000000009850000)]
  0x0000000008511800 JavaThread "C2 CompilerThread1" daemon [_thread_blocked, id=3556, stack(0x0000000009f50000,0x000000000a050000)]
  0x000000000850f800 JavaThread "C2 CompilerThread0" daemon [_thread_blocked, id=4648, stack(0x0000000009df0000,0x0000000009ef0000)]
  0x000000000850e000 JavaThread "Attach Listener" daemon [_thread_blocked, id=2476, stack(0x0000000009c00000,0x0000000009d00000)]
  0x0000000008507000 JavaThread "Signal Dispatcher" daemon [_thread_blocked, id=2064, stack(0x0000000009b00000,0x0000000009c00000)]
  0x00000000084b1800 JavaThread "Finalizer" daemon [_thread_blocked, id=5528, stack(0x0000000009920000,0x0000000009a20000)]
  0x00000000084aa800 JavaThread "Reference Handler" daemon [_thread_blocked, id=3360, stack(0x0000000009630000,0x0000000009730000)]

Other Threads:
  0x00000000084a7000 VMThread [stack: 0x00000000094b0000,0x00000000095b0000] [id=5420]
  0x0000000008524800 WatcherThread [stack: 0x000000000a070000,0x000000000a170000] [id=5868]

VM state:not at safepoint (normal execution)

VM Mutex/Monitor currently owned by a thread: None

Heap
 PSYoungGen      total 19456K, used 16339K [0x00000000eaa80000, 0x00000000ec000000, 0x0000000100000000)
  eden space 16896K, 81% used [0x00000000eaa80000,0x00000000eb7fcfb8,0x00000000ebb00000)
  from space 2560K, 98% used [0x00000000ebb00000,0x00000000ebd78040,0x00000000ebd80000)
  to   space 2560K, 0% used [0x00000000ebd80000,0x00000000ebd80000,0x00000000ec000000)
 ParOldGen       total 43520K, used 8380K [0x00000000c0000000, 0x00000000c2a80000, 0x00000000eaa80000)
  object space 43520K, 19% used [0x00000000c0000000,0x00000000c082f138,0x00000000c2a80000)
 PSPermGen       total 21504K, used 9181K [0x00000000bae00000, 0x00000000bc300000, 0x00000000c0000000)
  object space 21504K, 42% used [0x00000000bae00000,0x00000000bb6f7608,0x00000000bc300000)

Card table byte_map: [0x00000000056f0000,0x0000000005920000] byte_map_base: 0x0000000005119000

Polling page: 0x0000000000320000

Code Cache  [0x00000000026f0000, 0x0000000002960000, 0x00000000056f0000)
 total_blobs=477 nmethods=41 adapters=389 free_code_cache=48588Kb largest_free_block=49734592

Compilation events (10 events):
Event: 8.003 Thread 0x0000000008511800   38             sun.awt.AWTAutoShutdown::getInstance (4 bytes)
Event: 8.003 Thread 0x0000000008511800 nmethod 38 0x000000000277e750 code [0x000000000277e880, 0x000000000277e8d8]
Event: 8.415 Thread 0x000000000850f800   39             java.util.HashMap::hash (55 bytes)
Event: 8.425 Thread 0x000000000850f800 nmethod 39 0x000000000277e950 code [0x000000000277eaa0, 0x000000000277ebc8]
Event: 8.492 Thread 0x0000000008511800   40             java.util.concurrent.locks.AbstractQueuedSynchronizer::compareAndSetState (13 bytes)
Event: 8.493 Thread 0x0000000008511800 nmethod 40 0x000000000277d050 code [0x000000000277d180, 0x000000000277d1d8]
Event: 9.128 Thread 0x000000000850f800   41             java.util.concurrent.locks.ReentrantLock$Sync::tryRelease (45 bytes)
Event: 9.128 Thread 0x0000000008511800   42             java.util.concurrent.locks.AbstractQueuedSynchronizer::release (33 bytes)
Event: 9.129 Thread 0x000000000850f800 nmethod 41 0x0000000002779e90 code [0x0000000002779fc0, 0x000000000277a058]
Event: 9.133 Thread 0x0000000008511800 nmethod 42 0x0000000002779a50 code [0x0000000002779ba0, 0x0000000002779d28]

GC Heap History (2 events):
Event: 1.867 GC heap before
{Heap before GC invocations=1 (full 0):
 PSYoungGen      total 19456K, used 16895K [0x00000000eaa80000, 0x00000000ec000000, 0x0000000100000000)
  eden space 16896K, 99% used [0x00000000eaa80000,0x00000000ebaffff0,0x00000000ebb00000)
  from space 2560K, 0% used [0x00000000ebd80000,0x00000000ebd80000,0x00000000ec000000)
  to   space 2560K, 0% used [0x00000000ebb00000,0x00000000ebb00000,0x00000000ebd80000)
 ParOldGen       total 43520K, used 0K [0x00000000c0000000, 0x00000000c2a80000, 0x00000000eaa80000)
  object space 43520K, 0% used [0x00000000c0000000,0x00000000c0000000,0x00000000c2a80000)
 PSPermGen       total 21504K, used 9026K [0x00000000bae00000, 0x00000000bc300000, 0x00000000c0000000)
  object space 21504K, 41% used [0x00000000bae00000,0x00000000bb6d0b18,0x00000000bc300000)
Event: 1.883 GC heap after
Heap after GC invocations=1 (full 0):
 PSYoungGen      total 19456K, used 2528K [0x00000000eaa80000, 0x00000000ec000000, 0x0000000100000000)
  eden space 16896K, 0% used [0x00000000eaa80000,0x00000000eaa80000,0x00000000ebb00000)
  from space 2560K, 98% used [0x00000000ebb00000,0x00000000ebd78040,0x00000000ebd80000)
  to   space 2560K, 0% used [0x00000000ebd80000,0x00000000ebd80000,0x00000000ec000000)
 ParOldGen       total 43520K, used 8380K [0x00000000c0000000, 0x00000000c2a80000, 0x00000000eaa80000)
  object space 43520K, 19% used [0x00000000c0000000,0x00000000c082f138,0x00000000c2a80000)
 PSPermGen       total 21504K, used 9026K [0x00000000bae00000, 0x00000000bc300000, 0x00000000c0000000)
  object space 21504K, 41% used [0x00000000bae00000,0x00000000bb6d0b18,0x00000000bc300000)
}

Deoptimization events (0 events):
No events

Internal exceptions (10 events):
Event: 0.809 Thread 0x000000000a2fa800 Threw 0x00000000eb17c178 at C:\jdk7u2_64p\jdk7u40\hotspot\src\share\vm\prims\jvm.cpp:1244
Event: 0.815 Thread 0x000000000a2fa800 Threw 0x00000000eb184858 at C:\jdk7u2_64p\jdk7u40\hotspot\src\share\vm\prims\jvm.cpp:1244
Event: 0.819 Thread 0x000000000a2fa800 Threw 0x00000000eb18f790 at C:\jdk7u2_64p\jdk7u40\hotspot\src\share\vm\prims\jvm.cpp:1244
Event: 0.824 Thread 0x000000000a2fa800 Threw 0x00000000eb1a65b0 at C:\jdk7u2_64p\jdk7u40\hotspot\src\share\vm\prims\jvm.cpp:1244
Event: 0.827 Thread 0x000000000a2fa800 Threw 0x00000000eb1ac718 at C:\jdk7u2_64p\jdk7u40\hotspot\src\share\vm\prims\jvm.cpp:1244
Event: 0.849 Thread 0x000000000a2fa800 Threw 0x00000000eb2ff798 at C:\jdk7u2_64p\jdk7u40\hotspot\src\share\vm\prims\jvm.cpp:1244
Event: 0.852 Thread 0x000000000a2fa800 Threw 0x00000000eb30eb08 at C:\jdk7u2_64p\jdk7u40\hotspot\src\share\vm\prims\jvm.cpp:1244
Event: 0.854 Thread 0x000000000a2fa800 Threw 0x00000000eb315378 at C:\jdk7u2_64p\jdk7u40\hotspot\src\share\vm\prims\jvm.cpp:1244
Event: 3.389 Thread 0x000000000a2fa800 Threw 0x00000000eb4353f0 at C:\jdk7u2_64p\jdk7u40\hotspot\src\share\vm\prims\jvm.cpp:1244
Event: 3.391 Thread 0x000000000a2fa800 Threw 0x00000000eb439238 at C:\jdk7u2_64p\jdk7u40\hotspot\src\share\vm\prims\jvm.cpp:1244

Events (10 events):
Event: 3.418 loading class 0x00000000021be920 done
Event: 3.418 loading class 0x00000000021dfb40
Event: 3.418 loading class 0x00000000021dfb40 done
Event: 4.351 Executing VM operation: EnableBiasedLocking
Event: 4.352 Executing VM operation: EnableBiasedLocking done
Event: 9.611 loading class 0x000000000220d9a0
Event: 9.611 loading class 0x000000000220d9a0 done
Event: 9.611 Thread 0x0000000039629000 Thread added: 0x0000000039629000
Event: 9.612 loading class 0x000000000a310fc0
Event: 9.612 loading class 0x000000000a310fc0 done


Dynamic libraries:
0x000000013fb90000 - 0x000000013fbc3000 	C:\Program Files\Java\jre7\bin\javaw.exe
0x0000000077760000 - 0x000000007790b000 	C:\Windows\SYSTEM32\ntdll.dll
0x0000000077640000 - 0x000000007775f000 	C:\Windows\system32\kernel32.dll
0x000007fefc9c0000 - 0x000007fefca2b000 	C:\Windows\system32\KERNELBASE.dll
0x000007fefd1b0000 - 0x000007fefd28b000 	C:\Windows\system32\ADVAPI32.dll
0x000007fefd370000 - 0x000007fefd40f000 	C:\Windows\system32\msvcrt.dll
0x000007fefcfe0000 - 0x000007fefcfff000 	C:\Windows\SYSTEM32\sechost.dll
0x000007fefd410000 - 0x000007fefd53e000 	C:\Windows\system32\RPCRT4.dll
0x0000000077540000 - 0x000000007763a000 	C:\Windows\system32\USER32.dll
0x000007fefd540000 - 0x000007fefd5a7000 	C:\Windows\system32\GDI32.dll
0x000007fefd360000 - 0x000007fefd36e000 	C:\Windows\system32\LPK.dll
0x000007fefd000000 - 0x000007fefd0ca000 	C:\Windows\system32\USP10.dll
0x000007fefb390000 - 0x000007fefb584000 	C:\Windows\WinSxS\amd64_microsoft.windows.common-controls_6595b64144ccf1df_6.0.7600.16385_none_fa645303170382f6\COMCTL32.dll
0x000007fefe410000 - 0x000007fefe481000 	C:\Windows\system32\SHLWAPI.dll
0x000007fefd290000 - 0x000007fefd2be000 	C:\Windows\system32\IMM32.DLL
0x000007fefce80000 - 0x000007fefcf89000 	C:\Windows\system32\MSCTF.dll
0x00000000699b0000 - 0x0000000069a81000 	C:\Program Files\Java\jre7\bin\msvcr100.dll
0x00000000691e0000 - 0x00000000699a9000 	C:\Program Files\Java\jre7\bin\server\jvm.dll
0x000007fef0eb0000 - 0x000007fef0eb9000 	C:\Windows\system32\WSOCK32.dll
0x000007fefcf90000 - 0x000007fefcfdd000 	C:\Windows\system32\WS2_32.dll
0x000007fefe820000 - 0x000007fefe828000 	C:\Windows\system32\NSI.dll
0x000007fef9bc0000 - 0x000007fef9bfb000 	C:\Windows\system32\WINMM.dll
0x0000000077920000 - 0x0000000077927000 	C:\Windows\system32\PSAPI.DLL
0x00000000703a0000 - 0x00000000703af000 	C:\Program Files\Java\jre7\bin\verify.dll
0x00000000691b0000 - 0x00000000691d8000 	C:\Program Files\Java\jre7\bin\java.dll
0x0000000069190000 - 0x00000000691a5000 	C:\Program Files\Java\jre7\bin\zip.dll
0x000000006c860000 - 0x000000006c9f5000 	C:\Program Files\Java\jre7\bin\awt.dll
0x000007fefd0d0000 - 0x000007fefd1a7000 	C:\Windows\system32\OLEAUT32.dll
0x000007fefe610000 - 0x000007fefe811000 	C:\Windows\system32\ole32.dll
0x000007fefac40000 - 0x000007fefac58000 	C:\Windows\system32\DWMAPI.DLL
0x000007fefb070000 - 0x000007fefb0c6000 	C:\Windows\system32\uxtheme.dll
0x000007fefc800000 - 0x000007fefc80f000 	C:\Windows\system32\CRYPTBASE.dll
0x000007fee0030000 - 0x000007fee022f000 	C:\Windows\system32\d3d9.dll
0x000007fefba20000 - 0x000007fefba2c000 	C:\Windows\system32\VERSION.dll
0x000007fefa440000 - 0x000007fefa447000 	C:\Windows\system32\d3d8thk.dll
0x000007fedf1b0000 - 0x000007fee0024000 	C:\Windows\system32\nvd3dumx.dll
0x000007fefb2b0000 - 0x000007fefb2dc000 	C:\Windows\system32\powrprof.dll
0x000007fefcca0000 - 0x000007fefce77000 	C:\Windows\system32\SETUPAPI.dll
0x000007fefc980000 - 0x000007fefc9b6000 	C:\Windows\system32\CFGMGR32.dll
0x000007fefca30000 - 0x000007fefca4a000 	C:\Windows\system32\DEVOBJ.dll
0x000007fee0f50000 - 0x000007fee10a8000 	C:\Program Files (x86)\NVIDIA Corporation\3D Vision\nvSCPAPI64.dll
0x000007fefd600000 - 0x000007fefe386000 	C:\Windows\system32\SHELL32.dll
0x0000000070e20000 - 0x0000000070e5f000 	C:\Program Files\Java\jre7\bin\fontmanager.dll
0x0000000069170000 - 0x0000000069189000 	C:\Program Files\Java\jre7\bin\net.dll
0x000007fefc140000 - 0x000007fefc194000 	C:\Windows\system32\mswsock.dll
0x000007fefc130000 - 0x000007fefc137000 	C:\Windows\System32\wship6.dll
0x0000000069150000 - 0x0000000069161000 	C:\Program Files\Java\jre7\bin\nio.dll
0x000000006c810000 - 0x000000006c851000 	C:\Program Files\Java\jre7\bin\t2k.dll
0x000007fefea90000 - 0x000007fefeb29000 	C:\Windows\system32\CLBCatQ.DLL
0x000007fee0c40000 - 0x000007fee0cab000 	C:\Users\LOKO\workspace\ch.ethz.caad\bin\lib\win64\OpenNI2.dll
0x000007fedef60000 - 0x000007fedf1a3000 	C:\Users\LOKO\workspace\ch.ethz.caad\bin\lib\win64\NiTE2.dll
0x000000006c770000 - 0x000000006c808000 	C:\Windows\system32\MSVCP100.dll
0x000007feed630000 - 0x000007feed66e000 	C:\Users\LOKO\workspace\ch.ethz.caad\bin\lib\SimpleOpenNI64.dll
0x0000000072640000 - 0x0000000072713000 	C:\Windows\WinSxS\amd64_microsoft.vc90.crt_1fc8b3b9a1e18e3b_9.0.30729.4926_none_08e1a05ba83fe554\MSVCP90.dll
0x0000000072720000 - 0x00000000727bd000 	C:\Windows\WinSxS\amd64_microsoft.vc90.crt_1fc8b3b9a1e18e3b_9.0.30729.4926_none_08e1a05ba83fe554\MSVCR90.dll
0x000007feed5d0000 - 0x000007feed600000 	C:\Users\LOKO\workspace\ch.ethz.caad\bin\lib\win64\OpenNI2\Drivers\Kinect.dll
0x000007fef3f00000 - 0x000007fef3f6f000 	C:\Windows\SYSTEM32\MSCOREE.DLL
0x000007fede100000 - 0x000007fedef5e000 	C:\Windows\system32\Kinect10.dll
0x000007fef8100000 - 0x000007fef8109000 	C:\Windows\system32\WINUSB.DLL
0x000007fefca90000 - 0x000007fefcbf6000 	C:\Windows\system32\CRYPT32.dll
0x000007fefc970000 - 0x000007fefc97f000 	C:\Windows\system32\MSASN1.dll
0x000007fefca50000 - 0x000007fefca89000 	C:\Windows\system32\WINTRUST.dll
0x000007fef3e70000 - 0x000007fef3f00000 	C:\Windows\Microsoft.NET\Framework64\v4.0.30319\mscoreei.dll
0x000007fef34d0000 - 0x000007fef3e35000 	C:\Windows\Microsoft.NET\Framework64\v4.0.30319\clr.dll
0x000007fef33f0000 - 0x000007fef34c1000 	C:\Windows\system32\MSVCR100_CLR0400.dll
0x000007fedce80000 - 0x000007fede0f7000 	C:\Windows\assembly\NativeImages_v4.0.30319_64\mscorlib\bc19222db4406c472d9aa1f8b6e0f470\mscorlib.ni.dll
0x000007feeddc0000 - 0x000007feeddd4000 	C:\Windows\Microsoft.NET\Framework64\v4.0.30319\nlssorting.dll
0x000007fee02b0000 - 0x000007fee0427000 	C:\Windows\Microsoft.NET\Framework64\v4.0.30319\clrjit.dll
0x000007fee9150000 - 0x000007fee91ab000 	C:\Users\LOKO\workspace\ch.ethz.caad\bin\lib\win64\OpenNI2\Drivers\OniFile.dll
0x000007fedcdf0000 - 0x000007fedce71000 	C:\Users\LOKO\workspace\ch.ethz.caad\bin\lib\win64\OpenNI2\Drivers\PS1080.dll
0x000007fee0bf0000 - 0x000007fee0c31000 	C:\Users\LOKO\workspace\ch.ethz.caad\bin\lib\win64\OpenNI2\Drivers\PSLink.dll
0x000007fefc1a0000 - 0x000007fefc1b7000 	C:\Windows\system32\CRYPTSP.dll
0x000007fefbea0000 - 0x000007fefbee7000 	C:\Windows\system32\rsaenh.dll
0x000007fefbc20000 - 0x000007fefbc3e000 	C:\Windows\system32\USERENV.dll
0x000007fefc8d0000 - 0x000007fefc8df000 	C:\Windows\system32\profapi.dll
0x000007fefbc00000 - 0x000007fefbc1b000 	C:\Windows\system32\GPAPI.dll
0x000007feecde0000 - 0x000007feece06000 	C:\Windows\system32\cryptnet.dll
0x000007fefd5b0000 - 0x000007fefd600000 	C:\Windows\system32\WLDAP32.dll
0x000007fefa450000 - 0x000007fefa46b000 	C:\Windows\system32\Cabinet.dll
0x000007fefbc40000 - 0x000007fefbc52000 	C:\Windows\system32\DEVRTL.dll
0x000007fefc320000 - 0x000007fefc36e000 	C:\Windows\system32\ncrypt.dll
0x000007fefc2f0000 - 0x000007fefc312000 	C:\Windows\system32\bcrypt.dll
0x000007fefbde0000 - 0x000007fefbe2c000 	C:\Windows\system32\bcryptprimitives.dll
0x000007fef4690000 - 0x000007fef4699000 	C:\Windows\system32\SensApi.dll
0x000000006c740000 - 0x000000006c76a000 	C:\Program Files\Java\jre7\bin\dcpr.dll
0x000007feecbb0000 - 0x000007feeccd5000 	C:\Windows\system32\dbghelp.dll

VM Arguments:
jvm_args: -Djava.security.policy=java.policy.applet -Dfile.encoding=Cp1252 
java_command: sun.applet.AppletViewer ch.ethz.caad.MyApplet1385081280302.html
Launcher Type: SUN_STANDARD

Environment Variables:
CLASSPATH=C:\Program Files (x86)\OpenNI\Bin\org.OpenNI.jar
PATH=C:\Program Files (x86)\NVIDIA Corporation\PhysX\Common;C:\Windows\system32;C:\Windows;C:\Windows\System32\Wbem;C:\Windows\System32\WindowsPowerShell\v1.0\;C:\Program Files (x86)\OpenNI\Bin;C:\Program Files (x86)\PrimeSense\NITE\bin;C:\Program Files\TortoiseGit\bin
USERNAME=LOKO
OS=Windows_NT
PROCESSOR_IDENTIFIER=Intel64 Family 6 Model 15 Stepping 7, GenuineIntel



---------------  S Y S T E M  ---------------

OS: Windows 7 , 64 bit Build 7600 

CPU:total 4 (4 cores per cpu, 1 threads per core) family 6 model 15 stepping 7, cmov, cx8, fxsr, mmx, sse, sse2, sse3, ssse3, tsc

Memory: 4k page, physical 4192824k(882580k free), swap 8383752k(3607196k free)

vm_info: Java HotSpot(TM) 64-Bit Server VM (24.0-b56) for windows-amd64 JRE (1.7.0_40-b43), built on Aug 26 2013 22:38:32 by "java_re" with unknown MS VC++:1600

time: Thu Nov 21 19:48:10 2013
elapsed time: 9 seconds

